<?xml version="1.0" encoding="UTF-8"?>
<!-- Generated by org.testng.reporters.JUnitReportReporter -->
<testsuite skipped="0" hostname="NaYeL" name="APITest" tests="3" failures="0" timestamp="2022-07-03T01:55:32 EET" time="10.172" errors="0">
  <testcase name="putUser" time="0.781" classname="APITest"/>
  <system-out/>
  <testcase name="getUserId" time="8.625" classname="APITest"/>
  <system-out/>
  <testcase name="userassociatedPost" time="0.766" classname="APITest"/>
  <system-out/>
</testsuite> <!-- APITest -->
